2025-06-21 17:44:19,642 - main - INFO - Creating database tables...
2025-06-21 17:44:19,645 - database - INFO - Database tables created successfully
2025-06-21 17:44:19,646 - main - INFO - Database tables created successfully
2025-06-21 18:03:05,346 - main - INFO - Creating database tables...
2025-06-21 18:03:05,349 - database - INFO - Database tables created successfully
2025-06-21 18:03:05,349 - main - INFO - Database tables created successfully
2025-06-21 18:03:20,207 - main - INFO - Creating database tables...
2025-06-21 18:03:20,210 - database - INFO - Database tables created successfully
2025-06-21 18:03:20,210 - main - INFO - Database tables created successfully
2025-06-21 19:00:04,330 - main - INFO - Creating database tables...
2025-06-21 19:00:04,495 - database - INFO - Database tables created successfully
2025-06-21 19:00:04,495 - main - INFO - Database tables created successfully
2025-06-21 21:50:44,293 - main - INFO - Creating database tables...
2025-06-21 21:50:44,366 - database - INFO - Database tables created successfully
2025-06-21 21:50:44,369 - main - INFO - Database tables created successfully
2025-06-21 22:21:18,374 - nlp_service - INFO - NLP service initialized successfully
2025-06-21 22:21:18,419 - main - INFO - Creating database tables...
2025-06-21 22:21:18,422 - database - INFO - Database tables created successfully
2025-06-21 22:21:18,422 - main - INFO - Database tables created successfully
2025-06-21 22:21:32,790 - nlp_service - INFO - NLP service initialized successfully
2025-06-21 22:21:32,868 - main - INFO - Creating database tables...
2025-06-21 22:21:32,872 - database - INFO - Database tables created successfully
2025-06-21 22:21:32,872 - main - INFO - Database tables created successfully
2025-06-21 22:21:50,049 - nlp_service - INFO - NLP service initialized successfully
2025-06-21 22:21:50,105 - main - INFO - Creating database tables...
2025-06-21 22:21:50,280 - database - INFO - Database tables created successfully
2025-06-21 22:21:50,280 - main - INFO - Database tables created successfully
2025-06-21 22:24:32,457 - nlp_service - INFO - NLP service initialized successfully
2025-06-21 22:24:32,711 - main - INFO - Creating database tables...
2025-06-21 22:24:32,722 - database - INFO - Database tables created successfully
2025-06-21 22:24:32,724 - main - INFO - Database tables created successfully
2025-06-21 22:25:38,472 - nlp_service - INFO - NLP service initialized successfully
2025-06-21 22:25:50,039 - nlp_service - INFO - NLP service initialized successfully
2025-06-21 22:26:47,399 - nlp_service - INFO - NLP service initialized successfully
2025-06-21 22:27:54,348 - nlp_service - INFO - NLP service initialized successfully
2025-06-21 22:28:09,911 - nlp_service - INFO - NLP service initialized successfully
2025-06-21 22:29:46,484 - nlp_service - INFO - NLP service initialized successfully
2025-06-21 22:30:01,273 - nlp_service - INFO - NLP service initialized successfully
2025-06-21 22:30:56,988 - nlp_service - INFO - NLP service initialized successfully
2025-06-21 22:31:07,817 - nlp_service - INFO - NLP service initialized successfully
2025-06-21 22:42:30,738 - nlp_service - INFO - NLP service initialized successfully
2025-06-21 22:43:38,278 - nlp_service - INFO - NLP service initialized successfully
2025-06-21 22:46:23,200 - nlp_service - INFO - NLP service initialized successfully
2025-06-21 22:46:50,690 - nlp_service - INFO - NLP service initialized successfully
2025-06-21 22:47:05,302 - nlp_service - INFO - NLP service initialized successfully
2025-06-21 22:47:19,664 - nlp_service - INFO - NLP service initialized successfully
2025-06-21 22:48:33,933 - nlp_service - INFO - NLP service initialized successfully
2025-06-21 22:49:11,900 - nlp_service - INFO - NLP service initialized successfully
2025-06-21 22:53:33,347 - nlp_service - INFO - NLP service initialized successfully
2025-06-21 22:54:28,782 - nlp_service - INFO - NLP service initialized successfully
2025-06-21 22:54:40,124 - nlp_service - INFO - NLP service initialized successfully
2025-06-21 23:01:13,855 - nlp_service - INFO - NLP service initialized successfully
2025-06-21 23:03:13,098 - nlp_service - INFO - NLP service initialized successfully
2025-06-21 23:03:50,758 - nlp_service - INFO - NLP service initialized successfully
2025-06-21 23:05:17,120 - nlp_service - INFO - NLP service initialized successfully
2025-06-21 23:05:28,741 - nlp_service - INFO - NLP service initialized successfully
2025-06-21 23:19:04,526 - nlp_service - INFO - NLP service initialized successfully
2025-06-21 23:22:30,709 - nlp_service - INFO - NLP service initialized successfully
2025-06-21 23:26:00,596 - nlp_service - INFO - NLP service initialized successfully
2025-06-21 23:26:46,217 - nlp_service - INFO - NLP service initialized successfully
2025-06-21 23:27:06,293 - nlp_service - INFO - NLP service initialized successfully
2025-06-21 23:27:06,807 - main - INFO - Creating database tables...
2025-06-21 23:27:06,810 - database - INFO - Database tables created successfully
2025-06-21 23:27:06,810 - main - INFO - Database tables created successfully
2025-06-21 23:27:18,793 - nlp_service - INFO - NLP service initialized successfully
2025-06-21 23:27:19,228 - main - INFO - Creating database tables...
2025-06-21 23:27:19,231 - database - INFO - Database tables created successfully
2025-06-21 23:27:19,231 - main - INFO - Database tables created successfully
2025-06-21 23:32:09,503 - nlp_service - INFO - NLP service initialized successfully
2025-06-21 23:32:10,022 - main - INFO - Creating database tables...
2025-06-21 23:32:10,030 - database - INFO - Database tables created successfully
2025-06-21 23:32:10,030 - main - INFO - Database tables created successfully
2025-06-21 23:33:12,543 - praw - WARNING - It appears that you are using PRAW in an asynchronous environment.
It is strongly recommended to use Async PRAW: https://asyncpraw.readthedocs.io.
See https://praw.readthedocs.io/en/latest/getting_started/multiple_instances.html#discord-bots-and-asynchronous-environments for more info.

2025-06-21 23:33:13,823 - reddit_service - ERROR - Error getting user info: received 400 HTTP response
2025-06-21 23:34:09,036 - praw - WARNING - It appears that you are using PRAW in an asynchronous environment.
It is strongly recommended to use Async PRAW: https://asyncpraw.readthedocs.io.
See https://praw.readthedocs.io/en/latest/getting_started/multiple_instances.html#discord-bots-and-asynchronous-environments for more info.

2025-06-21 23:34:10,130 - reddit_service - ERROR - Error getting user info: received 400 HTTP response
2025-06-21 23:34:12,492 - praw - WARNING - It appears that you are using PRAW in an asynchronous environment.
It is strongly recommended to use Async PRAW: https://asyncpraw.readthedocs.io.
See https://praw.readthedocs.io/en/latest/getting_started/multiple_instances.html#discord-bots-and-asynchronous-environments for more info.

2025-06-21 23:34:13,330 - reddit_service - ERROR - Error getting user info: received 400 HTTP response
2025-06-23 11:12:21,609 - nlp_service - INFO - NLP service initialized successfully
2025-06-23 11:12:33,357 - main - INFO - Creating database tables...
2025-06-23 11:12:33,365 - database - INFO - Database tables created successfully
2025-06-23 11:12:33,367 - main - INFO - Database tables created successfully
2025-06-23 11:12:34,547 - nlp_service - INFO - NLP service initialized successfully
2025-06-23 11:12:34,982 - main - INFO - Creating database tables...
2025-06-23 11:12:34,985 - database - INFO - Database tables created successfully
2025-06-23 11:12:34,986 - main - INFO - Database tables created successfully
2025-06-23 11:12:42,442 - praw - WARNING - It appears that you are using PRAW in an asynchronous environment.
It is strongly recommended to use Async PRAW: https://asyncpraw.readthedocs.io.
See https://praw.readthedocs.io/en/latest/getting_started/multiple_instances.html#discord-bots-and-asynchronous-environments for more info.

2025-06-23 11:12:43,055 - reddit_service - ERROR - Error getting user info: received 400 HTTP response
2025-06-23 11:17:43,108 - praw - WARNING - It appears that you are using PRAW in an asynchronous environment.
It is strongly recommended to use Async PRAW: https://asyncpraw.readthedocs.io.
See https://praw.readthedocs.io/en/latest/getting_started/multiple_instances.html#discord-bots-and-asynchronous-environments for more info.

2025-06-23 11:17:43,842 - reddit_service - ERROR - Error getting user info: received 400 HTTP response
2025-06-23 11:22:27,609 - praw - WARNING - It appears that you are using PRAW in an asynchronous environment.
It is strongly recommended to use Async PRAW: https://asyncpraw.readthedocs.io.
See https://praw.readthedocs.io/en/latest/getting_started/multiple_instances.html#discord-bots-and-asynchronous-environments for more info.

2025-06-23 11:22:28,143 - reddit_service - ERROR - Error getting user info: received 400 HTTP response
2025-06-23 11:22:32,555 - praw - WARNING - It appears that you are using PRAW in an asynchronous environment.
It is strongly recommended to use Async PRAW: https://asyncpraw.readthedocs.io.
See https://praw.readthedocs.io/en/latest/getting_started/multiple_instances.html#discord-bots-and-asynchronous-environments for more info.

2025-06-23 11:22:33,028 - reddit_service - ERROR - Error getting user info: received 400 HTTP response
2025-06-23 11:24:27,431 - nlp_service - INFO - NLP service initialized successfully
2025-06-23 11:24:27,974 - main - INFO - Creating database tables...
2025-06-23 11:24:27,982 - database - INFO - Database tables created successfully
2025-06-23 11:24:27,983 - main - INFO - Database tables created successfully
2025-06-23 11:27:21,569 - praw - WARNING - It appears that you are using PRAW in an asynchronous environment.
It is strongly recommended to use Async PRAW: https://asyncpraw.readthedocs.io.
See https://praw.readthedocs.io/en/latest/getting_started/multiple_instances.html#discord-bots-and-asynchronous-environments for more info.

2025-06-23 11:27:22,022 - reddit_service - ERROR - Error getting user info: received 400 HTTP response
2025-06-23 11:33:59,357 - nlp_service - INFO - NLP service initialized successfully
2025-06-23 11:34:00,119 - main - INFO - Creating database tables...
2025-06-23 11:34:00,123 - database - INFO - Database tables created successfully
2025-06-23 11:34:00,124 - main - INFO - Database tables created successfully
2025-06-23 11:34:23,248 - nlp_service - INFO - NLP service initialized successfully
2025-06-23 11:34:23,565 - main - INFO - Creating database tables...
2025-06-23 11:34:23,568 - database - INFO - Database tables created successfully
2025-06-23 11:34:23,568 - main - INFO - Database tables created successfully
2025-06-23 11:35:25,045 - nlp_service - INFO - NLP service initialized successfully
2025-06-23 11:35:25,422 - main - INFO - Creating database tables...
2025-06-23 11:35:25,428 - database - INFO - Database tables created successfully
2025-06-23 11:35:25,429 - main - INFO - Database tables created successfully
2025-06-23 11:35:50,303 - nlp_service - INFO - NLP service initialized successfully
2025-06-23 11:35:50,629 - main - INFO - Creating database tables...
2025-06-23 11:35:50,632 - database - INFO - Database tables created successfully
2025-06-23 11:35:50,632 - main - INFO - Database tables created successfully
2025-06-23 11:38:22,254 - praw - WARNING - It appears that you are using PRAW in an asynchronous environment.
It is strongly recommended to use Async PRAW: https://asyncpraw.readthedocs.io.
See https://praw.readthedocs.io/en/latest/getting_started/multiple_instances.html#discord-bots-and-asynchronous-environments for more info.

2025-06-23 11:38:22,762 - reddit_service - ERROR - Error getting user info: received 400 HTTP response
2025-06-23 11:40:04,399 - routers.accounts - ERROR - Error adding manual account: (sqlite3.OperationalError) table automation_settings has no column named min_quality_score
[SQL: INSERT INTO automation_settings (account_id, selected_subreddits, active_keywords, engagement_schedule, max_daily_comments, max_daily_upvotes, auto_upvote_enabled, auto_comment_enabled, auto_post_enabled, min_quality_score, max_spam_probability, max_toxicity_score, enable_quality_filter) VALUES (?, ?, ?, ?, ?, ?, ?, ?, ?, ?, ?, ?, ?)]
[parameters: (2, '[]', '[]', '{}', 10, 50, 0, 0, 0, 70.0, 0.3, 0.2, 1)]
(Background on this error at: https://sqlalche.me/e/20/e3q8)
2025-06-23 11:41:17,866 - praw - WARNING - It appears that you are using PRAW in an asynchronous environment.
It is strongly recommended to use Async PRAW: https://asyncpraw.readthedocs.io.
See https://praw.readthedocs.io/en/latest/getting_started/multiple_instances.html#discord-bots-and-asynchronous-environments for more info.

2025-06-23 11:41:18,536 - reddit_service - ERROR - Error getting user info: received 400 HTTP response
2025-06-23 11:43:27,213 - nlp_service - INFO - NLP service initialized successfully
2025-06-23 11:43:27,675 - main - INFO - Creating database tables...
2025-06-23 11:43:27,678 - database - INFO - Database tables created successfully
2025-06-23 11:43:27,678 - main - INFO - Database tables created successfully
2025-06-23 11:43:46,987 - nlp_service - INFO - NLP service initialized successfully
2025-06-23 11:43:47,343 - main - INFO - Creating database tables...
2025-06-23 11:43:47,346 - database - INFO - Database tables created successfully
2025-06-23 11:43:47,346 - main - INFO - Database tables created successfully
2025-06-23 11:44:43,264 - praw - WARNING - It appears that you are using PRAW in an asynchronous environment.
It is strongly recommended to use Async PRAW: https://asyncpraw.readthedocs.io.
See https://praw.readthedocs.io/en/latest/getting_started/multiple_instances.html#discord-bots-and-asynchronous-environments for more info.

2025-06-23 11:44:44,030 - reddit_service - ERROR - Error getting user info: received 400 HTTP response
2025-06-23 11:44:56,215 - routers.accounts - INFO - Processing OAuth callback with code: D6REa_mAky... and state: 08395800-7b57-45a9-827c-10bef8fb6178
2025-06-23 11:45:00,399 - routers.accounts - INFO - Token exchange successful for user: Fit-Raisin7678
2025-06-23 11:45:24,755 - routers.accounts - ERROR - Error in OAuth callback: (sqlite3.OperationalError) table automation_settings has no column named min_quality_score
[SQL: INSERT INTO automation_settings (account_id, selected_subreddits, active_keywords, engagement_schedule, max_daily_comments, max_daily_upvotes, auto_upvote_enabled, auto_comment_enabled, auto_post_enabled, min_quality_score, max_spam_probability, max_toxicity_score, enable_quality_filter) VALUES (?, ?, ?, ?, ?, ?, ?, ?, ?, ?, ?, ?, ?)]
[parameters: (2, '[]', '[]', '{}', 10, 50, 0, 0, 0, 70.0, 0.3, 0.2, 1)]
(Background on this error at: https://sqlalche.me/e/20/e3q8)
2025-06-23 11:46:35,049 - routers.accounts - INFO - Processing OAuth callback with code: wfcarhc0BI... and state: 08395800-7b57-45a9-827c-10bef8fb6178
2025-06-23 11:46:36,391 - routers.accounts - INFO - Token exchange successful for user: Fit-Raisin7678
2025-06-23 11:46:39,349 - routers.accounts - ERROR - Error in OAuth callback: (sqlite3.OperationalError) table automation_settings has no column named min_quality_score
[SQL: INSERT INTO automation_settings (account_id, selected_subreddits, active_keywords, engagement_schedule, max_daily_comments, max_daily_upvotes, auto_upvote_enabled, auto_comment_enabled, auto_post_enabled, min_quality_score, max_spam_probability, max_toxicity_score, enable_quality_filter) VALUES (?, ?, ?, ?, ?, ?, ?, ?, ?, ?, ?, ?, ?)]
[parameters: (2, '[]', '[]', '{}', 10, 50, 0, 0, 0, 70.0, 0.3, 0.2, 1)]
(Background on this error at: https://sqlalche.me/e/20/e3q8)
2025-06-23 11:46:56,639 - praw - WARNING - It appears that you are using PRAW in an asynchronous environment.
It is strongly recommended to use Async PRAW: https://asyncpraw.readthedocs.io.
See https://praw.readthedocs.io/en/latest/getting_started/multiple_instances.html#discord-bots-and-asynchronous-environments for more info.

2025-06-23 11:46:57,103 - reddit_service - ERROR - Error getting user info: received 400 HTTP response
2025-06-23 11:47:14,792 - praw - WARNING - It appears that you are using PRAW in an asynchronous environment.
It is strongly recommended to use Async PRAW: https://asyncpraw.readthedocs.io.
See https://praw.readthedocs.io/en/latest/getting_started/multiple_instances.html#discord-bots-and-asynchronous-environments for more info.

2025-06-23 11:47:15,366 - reddit_service - ERROR - Error getting user info: received 400 HTTP response
2025-06-23 11:47:16,387 - praw - WARNING - It appears that you are using PRAW in an asynchronous environment.
It is strongly recommended to use Async PRAW: https://asyncpraw.readthedocs.io.
See https://praw.readthedocs.io/en/latest/getting_started/multiple_instances.html#discord-bots-and-asynchronous-environments for more info.

2025-06-23 11:47:16,790 - reddit_service - ERROR - Error getting user info: received 400 HTTP response
2025-06-23 11:47:35,947 - routers.accounts - INFO - Processing OAuth callback with code: NpWZOAAS_X... and state: 43369aa9-49fa-4f35-ba23-e4634e6e24dc
2025-06-23 11:47:37,435 - routers.accounts - INFO - Token exchange successful for user: Fit-Raisin7678
2025-06-23 11:47:40,468 - routers.accounts - ERROR - Error in OAuth callback: (sqlite3.OperationalError) table automation_settings has no column named min_quality_score
[SQL: INSERT INTO automation_settings (account_id, selected_subreddits, active_keywords, engagement_schedule, max_daily_comments, max_daily_upvotes, auto_upvote_enabled, auto_comment_enabled, auto_post_enabled, min_quality_score, max_spam_probability, max_toxicity_score, enable_quality_filter) VALUES (?, ?, ?, ?, ?, ?, ?, ?, ?, ?, ?, ?, ?)]
[parameters: (2, '[]', '[]', '{}', 10, 50, 0, 0, 0, 70.0, 0.3, 0.2, 1)]
(Background on this error at: https://sqlalche.me/e/20/e3q8)
2025-06-23 11:50:13,804 - nlp_service - INFO - NLP service initialized successfully
2025-06-23 11:50:14,204 - main - INFO - Creating database tables...
2025-06-23 11:50:16,161 - database - INFO - Dropped existing database tables
2025-06-23 11:50:18,017 - database - INFO - Database tables created successfully
2025-06-23 11:50:18,017 - main - INFO - Database tables created successfully
2025-06-23 11:52:46,308 - routers.accounts - INFO - Processing OAuth callback with code: EQEmkox98c... and state: 89216a3b-1531-4046-8bd3-1b56ebccf558
2025-06-23 11:52:47,737 - routers.accounts - INFO - Token exchange successful for user: Fit-Raisin7678
2025-06-23 11:52:55,698 - praw - WARNING - It appears that you are using PRAW in an asynchronous environment.
It is strongly recommended to use Async PRAW: https://asyncpraw.readthedocs.io.
See https://praw.readthedocs.io/en/latest/getting_started/multiple_instances.html#discord-bots-and-asynchronous-environments for more info.

2025-06-23 11:53:00,746 - praw - WARNING - It appears that you are using PRAW in an asynchronous environment.
It is strongly recommended to use Async PRAW: https://asyncpraw.readthedocs.io.
See https://praw.readthedocs.io/en/latest/getting_started/multiple_instances.html#discord-bots-and-asynchronous-environments for more info.

2025-06-23 11:53:17,940 - praw - WARNING - It appears that you are using PRAW in an asynchronous environment.
It is strongly recommended to use Async PRAW: https://asyncpraw.readthedocs.io.
See https://praw.readthedocs.io/en/latest/getting_started/multiple_instances.html#discord-bots-and-asynchronous-environments for more info.

2025-06-23 11:54:28,514 - routers.reddit_actions - ERROR - Reddit API error: RedditService.submit_post() got an unexpected keyword argument 'subreddit'
2025-06-23 11:54:28,514 - routers.reddit_actions - ERROR - Error submitting post: 'content' is an invalid keyword argument for EngagementLog
2025-06-23 11:55:26,735 - routers.reddit_actions - ERROR - Reddit API error: RedditService.submit_post() got an unexpected keyword argument 'subreddit'
2025-06-23 11:55:26,741 - routers.reddit_actions - ERROR - Error submitting post: 'content' is an invalid keyword argument for EngagementLog
2025-06-23 11:55:44,081 - routers.reddit_actions - ERROR - Reddit API error: RedditService.submit_post() got an unexpected keyword argument 'subreddit'
2025-06-23 11:55:44,082 - routers.reddit_actions - ERROR - Error submitting post: 'content' is an invalid keyword argument for EngagementLog
2025-06-23 11:56:52,329 - nlp_service - INFO - NLP service initialized successfully
2025-06-23 11:56:53,191 - main - INFO - Creating database tables...
2025-06-23 11:56:55,336 - database - INFO - Dropped existing database tables
2025-06-23 11:56:57,669 - database - INFO - Database tables created successfully
2025-06-23 11:56:57,669 - main - INFO - Database tables created successfully
2025-06-23 11:57:12,029 - nlp_service - INFO - NLP service initialized successfully
2025-06-23 11:57:12,514 - main - INFO - Creating database tables...
2025-06-23 11:57:14,204 - database - INFO - Dropped existing database tables
2025-06-23 11:57:16,210 - database - INFO - Database tables created successfully
2025-06-23 11:57:16,211 - main - INFO - Database tables created successfully
2025-06-23 11:57:35,383 - nlp_service - INFO - NLP service initialized successfully
2025-06-23 11:57:35,995 - main - INFO - Creating database tables...
2025-06-23 11:57:38,996 - database - INFO - Dropped existing database tables
2025-06-23 11:57:40,955 - database - INFO - Database tables created successfully
2025-06-23 11:57:40,955 - main - INFO - Database tables created successfully
2025-06-23 11:57:48,224 - nlp_service - INFO - NLP service initialized successfully
2025-06-23 11:57:48,743 - main - INFO - Creating database tables...
2025-06-23 11:57:50,797 - database - INFO - Dropped existing database tables
2025-06-23 11:57:52,653 - database - INFO - Database tables created successfully
2025-06-23 11:57:52,653 - main - INFO - Database tables created successfully
2025-06-23 11:58:00,650 - nlp_service - INFO - NLP service initialized successfully
2025-06-23 11:58:01,038 - main - INFO - Creating database tables...
2025-06-23 11:58:02,969 - database - INFO - Dropped existing database tables
2025-06-23 11:58:04,821 - database - INFO - Database tables created successfully
2025-06-23 11:58:04,821 - main - INFO - Database tables created successfully
2025-06-23 11:58:13,165 - nlp_service - INFO - NLP service initialized successfully
2025-06-23 11:58:13,748 - main - INFO - Creating database tables...
2025-06-23 11:58:15,567 - database - INFO - Dropped existing database tables
2025-06-23 11:58:17,503 - database - INFO - Database tables created successfully
2025-06-23 11:58:17,503 - main - INFO - Database tables created successfully
2025-06-23 12:03:41,615 - nlp_service - INFO - NLP service initialized successfully
2025-06-23 12:03:42,030 - main - INFO - Creating database tables...
2025-06-23 12:03:45,438 - database - INFO - Dropped existing database tables
2025-06-23 12:03:48,691 - database - INFO - Database tables created successfully
2025-06-23 12:03:48,692 - main - INFO - Database tables created successfully
2025-06-23 12:05:07,522 - nlp_service - INFO - NLP service initialized successfully
2025-06-23 12:05:07,905 - main - INFO - Creating database tables...
2025-06-23 12:05:10,067 - database - INFO - Dropped existing database tables
2025-06-23 12:05:12,056 - database - INFO - Database tables created successfully
2025-06-23 12:05:12,057 - main - INFO - Database tables created successfully
2025-06-23 12:06:03,056 - routers.accounts - INFO - Processing OAuth callback with code: F1Hrj6uDu2... and state: 2deafbcd-844d-4185-a1db-5bcc8010b442
2025-06-23 12:06:04,306 - routers.accounts - INFO - Token exchange successful for user: Fit-Raisin7678
2025-06-23 12:06:14,182 - praw - WARNING - It appears that you are using PRAW in an asynchronous environment.
It is strongly recommended to use Async PRAW: https://asyncpraw.readthedocs.io.
See https://praw.readthedocs.io/en/latest/getting_started/multiple_instances.html#discord-bots-and-asynchronous-environments for more info.

2025-06-23 12:06:40,721 - praw - WARNING - It appears that you are using PRAW in an asynchronous environment.
It is strongly recommended to use Async PRAW: https://asyncpraw.readthedocs.io.
See https://praw.readthedocs.io/en/latest/getting_started/multiple_instances.html#discord-bots-and-asynchronous-environments for more info.

2025-06-23 12:06:42,050 - reddit_service - ERROR - Error submitting post to r/check: SUBREDDIT_NOTALLOWED: 'This community only allows trusted members to post here' on field 'sr'
2025-06-23 12:06:42,050 - routers.reddit_actions - ERROR - Reddit post submission failed: SUBREDDIT_NOTALLOWED: 'This community only allows trusted members to post here' on field 'sr'
2025-06-23 12:06:42,051 - routers.reddit_actions - ERROR - Reddit API error: 'content' is an invalid keyword argument for EngagementLog
2025-06-23 12:08:00,636 - nlp_service - INFO - NLP service initialized successfully
2025-06-23 12:08:00,706 - nlp_service - INFO - NLP service initialized successfully
2025-06-23 12:08:01,520 - main - INFO - Creating database tables...
2025-06-23 12:08:01,733 - main - INFO - Creating database tables...
2025-06-23 12:08:04,088 - database - INFO - Dropped existing database tables
2025-06-23 12:08:06,709 - database - INFO - Database tables created successfully
2025-06-23 12:08:06,709 - main - INFO - Database tables created successfully
2025-06-23 12:08:09,366 - database - INFO - Dropped existing database tables
2025-06-23 12:08:11,153 - database - INFO - Database tables created successfully
2025-06-23 12:08:11,154 - main - INFO - Database tables created successfully
2025-06-23 12:08:36,069 - nlp_service - INFO - NLP service initialized successfully
2025-06-23 12:08:57,320 - nlp_service - INFO - NLP service initialized successfully
2025-06-23 12:12:33,974 - routers.accounts - INFO - Processing OAuth callback with code: CVJckEZ3Ax... and state: f9c678ca-70ac-450a-af74-477d058405c3
2025-06-23 12:12:35,192 - routers.accounts - INFO - Token exchange successful for user: Fit-Raisin7678
2025-06-23 12:12:39,953 - praw - WARNING - It appears that you are using PRAW in an asynchronous environment.
It is strongly recommended to use Async PRAW: https://asyncpraw.readthedocs.io.
See https://praw.readthedocs.io/en/latest/getting_started/multiple_instances.html#discord-bots-and-asynchronous-environments for more info.

2025-06-23 12:13:22,080 - praw - WARNING - It appears that you are using PRAW in an asynchronous environment.
It is strongly recommended to use Async PRAW: https://asyncpraw.readthedocs.io.
See https://praw.readthedocs.io/en/latest/getting_started/multiple_instances.html#discord-bots-and-asynchronous-environments for more info.

2025-06-23 12:13:23,187 - reddit_service - ERROR - Error submitting post to r/check: SUBREDDIT_NOTALLOWED: 'This community only allows trusted members to post here' on field 'sr'
2025-06-23 12:13:23,189 - routers.reddit_actions - ERROR - Reddit post submission failed: SUBREDDIT_NOTALLOWED: 'This community only allows trusted members to post here' on field 'sr'
2025-06-23 12:16:37,227 - praw - WARNING - It appears that you are using PRAW in an asynchronous environment.
It is strongly recommended to use Async PRAW: https://asyncpraw.readthedocs.io.
See https://praw.readthedocs.io/en/latest/getting_started/multiple_instances.html#discord-bots-and-asynchronous-environments for more info.

2025-06-23 12:17:15,015 - praw - WARNING - It appears that you are using PRAW in an asynchronous environment.
It is strongly recommended to use Async PRAW: https://asyncpraw.readthedocs.io.
See https://praw.readthedocs.io/en/latest/getting_started/multiple_instances.html#discord-bots-and-asynchronous-environments for more info.

2025-06-23 12:17:16,186 - reddit_service - ERROR - Error submitting post to r/check: SUBREDDIT_NOTALLOWED: 'This community only allows trusted members to post here' on field 'sr'
2025-06-23 12:17:16,188 - routers.reddit_actions - ERROR - Reddit post submission failed: SUBREDDIT_NOTALLOWED: 'This community only allows trusted members to post here' on field 'sr'
2025-06-23 12:18:56,093 - praw - WARNING - It appears that you are using PRAW in an asynchronous environment.
It is strongly recommended to use Async PRAW: https://asyncpraw.readthedocs.io.
See https://praw.readthedocs.io/en/latest/getting_started/multiple_instances.html#discord-bots-and-asynchronous-environments for more info.

2025-06-23 12:18:57,593 - praw - WARNING - It appears that you are using PRAW in an asynchronous environment.
It is strongly recommended to use Async PRAW: https://asyncpraw.readthedocs.io.
See https://praw.readthedocs.io/en/latest/getting_started/multiple_instances.html#discord-bots-and-asynchronous-environments for more info.

2025-06-23 12:18:58,186 - routers.reddit_actions - INFO - Successfully submitted post to r/test: 1lic0rt
2025-06-23 12:21:16,239 - praw - WARNING - It appears that you are using PRAW in an asynchronous environment.
It is strongly recommended to use Async PRAW: https://asyncpraw.readthedocs.io.
See https://praw.readthedocs.io/en/latest/getting_started/multiple_instances.html#discord-bots-and-asynchronous-environments for more info.

2025-06-23 12:21:42,041 - routers.accounts - INFO - Processing OAuth callback with code: NpaxhrGNUt... and state: 75a94971-6e79-42bd-b9e0-9afbb7063e06
2025-06-23 12:21:43,864 - routers.accounts - INFO - Token exchange successful for user: Fit-Raisin7678
2025-06-23 12:22:38,772 - praw - WARNING - It appears that you are using PRAW in an asynchronous environment.
It is strongly recommended to use Async PRAW: https://asyncpraw.readthedocs.io.
See https://praw.readthedocs.io/en/latest/getting_started/multiple_instances.html#discord-bots-and-asynchronous-environments for more info.

2025-06-23 12:22:40,362 - praw - WARNING - It appears that you are using PRAW in an asynchronous environment.
It is strongly recommended to use Async PRAW: https://asyncpraw.readthedocs.io.
See https://praw.readthedocs.io/en/latest/getting_started/multiple_instances.html#discord-bots-and-asynchronous-environments for more info.

2025-06-23 12:22:40,906 - routers.reddit_actions - INFO - Successfully submitted post to r/test: 1lic2td
2025-06-23 12:25:28,075 - praw - WARNING - It appears that you are using PRAW in an asynchronous environment.
It is strongly recommended to use Async PRAW: https://asyncpraw.readthedocs.io.
See https://praw.readthedocs.io/en/latest/getting_started/multiple_instances.html#discord-bots-and-asynchronous-environments for more info.

2025-06-23 12:25:29,517 - routers.reddit_actions - INFO - Successfully submitted comment: mzatsuj
2025-06-23 13:33:11,744 - praw - WARNING - It appears that you are using PRAW in an asynchronous environment.
It is strongly recommended to use Async PRAW: https://asyncpraw.readthedocs.io.
See https://praw.readthedocs.io/en/latest/getting_started/multiple_instances.html#discord-bots-and-asynchronous-environments for more info.

2025-06-23 13:33:13,187 - praw - WARNING - It appears that you are using PRAW in an asynchronous environment.
It is strongly recommended to use Async PRAW: https://asyncpraw.readthedocs.io.
See https://praw.readthedocs.io/en/latest/getting_started/multiple_instances.html#discord-bots-and-asynchronous-environments for more info.

2025-06-23 16:00:26,262 - nlp_service - INFO - NLP service initialized successfully
2025-06-23 16:00:27,176 - main - INFO - Creating database tables...
2025-06-23 16:00:28,593 - database - INFO - Dropped existing database tables
2025-06-23 16:00:29,714 - database - INFO - Database tables created successfully
2025-06-23 16:00:29,714 - main - INFO - Database tables created successfully
2025-06-23 16:01:19,496 - nlp_service - INFO - NLP service initialized successfully
2025-06-23 16:01:19,849 - main - INFO - Creating database tables...
2025-06-23 16:01:21,076 - database - INFO - Dropped existing database tables
2025-06-23 16:01:22,231 - database - INFO - Database tables created successfully
2025-06-23 16:01:22,232 - main - INFO - Database tables created successfully
2025-06-23 16:03:22,348 - routers.accounts - INFO - Processing OAuth callback with code: QxhIlBzRYp... and state: d86cb022-dc01-4622-826b-528c6f20af1a
2025-06-23 16:03:23,670 - routers.accounts - INFO - Token exchange successful for user: Fit-Raisin7678
2025-06-23 16:03:32,389 - praw - WARNING - It appears that you are using PRAW in an asynchronous environment.
It is strongly recommended to use Async PRAW: https://asyncpraw.readthedocs.io.
See https://praw.readthedocs.io/en/latest/getting_started/multiple_instances.html#discord-bots-and-asynchronous-environments for more info.

2025-06-24 15:35:02,242 - nlp_service - INFO - NLP service initialized successfully
2025-06-24 15:35:02,247 - nlp_service - INFO - NLP service initialized successfully
2025-06-24 15:35:04,366 - main - INFO - Creating database tables...
2025-06-24 15:35:04,384 - main - INFO - Creating database tables...
2025-06-24 15:35:06,757 - database - INFO - Dropped existing database tables
2025-06-24 15:35:09,002 - database - INFO - Database tables created successfully
2025-06-24 15:35:09,002 - main - INFO - Database tables created successfully
2025-06-24 15:35:11,069 - database - INFO - Dropped existing database tables
2025-06-24 15:35:12,992 - database - INFO - Database tables created successfully
2025-06-24 15:35:12,992 - main - INFO - Database tables created successfully
2025-06-24 15:50:51,266 - nlp_service - INFO - NLP service initialized successfully
2025-06-24 15:50:51,344 - nlp_service - INFO - NLP service initialized successfully
2025-06-24 15:50:52,464 - main - INFO - Creating database tables...
2025-06-24 15:50:52,648 - main - INFO - Creating database tables...
2025-06-24 15:50:54,560 - database - INFO - Dropped existing database tables
2025-06-24 15:50:56,346 - database - INFO - Database tables created successfully
2025-06-24 15:50:56,348 - main - INFO - Database tables created successfully
2025-06-24 15:50:58,066 - database - INFO - Dropped existing database tables
2025-06-24 15:50:59,513 - database - INFO - Database tables created successfully
2025-06-24 15:50:59,513 - main - INFO - Database tables created successfully
2025-06-24 15:52:05,332 - nlp_service - INFO - NLP service initialized successfully
2025-06-24 15:52:05,552 - nlp_service - INFO - NLP service initialized successfully
2025-06-24 15:52:05,972 - main - INFO - Creating database tables...
2025-06-24 15:52:06,446 - main - INFO - Creating database tables...
2025-06-24 15:52:07,651 - database - INFO - Dropped existing database tables
2025-06-24 15:52:09,529 - database - INFO - Database tables created successfully
2025-06-24 15:52:09,529 - main - INFO - Database tables created successfully
2025-06-24 15:52:11,629 - database - INFO - Dropped existing database tables
2025-06-24 15:52:13,363 - database - INFO - Database tables created successfully
2025-06-24 15:52:13,363 - main - INFO - Database tables created successfully
2025-06-24 15:52:15,717 - nlp_service - INFO - NLP service initialized successfully
2025-06-24 15:52:16,493 - main - INFO - Creating database tables...
2025-06-24 15:52:18,911 - nlp_service - INFO - NLP service initialized successfully
2025-06-24 15:52:19,225 - database - INFO - Dropped existing database tables
2025-06-24 15:52:19,542 - main - INFO - Creating database tables...
2025-06-24 15:52:22,475 - database - INFO - Database tables created successfully
2025-06-24 15:52:22,475 - main - INFO - Database tables created successfully
2025-06-24 15:52:25,431 - database - INFO - Dropped existing database tables
2025-06-24 15:52:27,168 - database - INFO - Database tables created successfully
2025-06-24 15:52:27,168 - main - INFO - Database tables created successfully
2025-06-24 15:52:42,322 - nlp_service - INFO - NLP service initialized successfully
2025-06-24 15:52:42,913 - main - INFO - Creating database tables...
2025-06-24 15:52:42,986 - nlp_service - INFO - NLP service initialized successfully
2025-06-24 15:52:43,444 - main - INFO - Creating database tables...
2025-06-24 15:52:44,933 - database - INFO - Dropped existing database tables
2025-06-24 15:52:46,444 - database - INFO - Database tables created successfully
2025-06-24 15:52:46,444 - main - INFO - Database tables created successfully
2025-06-24 15:52:48,067 - database - INFO - Dropped existing database tables
2025-06-24 15:52:49,534 - database - INFO - Database tables created successfully
2025-06-24 15:52:49,534 - main - INFO - Database tables created successfully
2025-06-24 15:54:28,925 - nlp_service - INFO - NLP service initialized successfully
2025-06-24 15:54:30,053 - main - INFO - Creating database tables...
2025-06-24 15:54:31,567 - database - INFO - Dropped existing database tables
2025-06-24 15:54:33,112 - database - INFO - Database tables created successfully
2025-06-24 15:54:33,112 - main - INFO - Database tables created successfully
2025-06-24 15:54:33,627 - nlp_service - INFO - NLP service initialized successfully
2025-06-24 15:54:34,143 - main - INFO - Creating database tables...
2025-06-24 15:54:35,790 - database - INFO - Dropped existing database tables
2025-06-24 15:54:37,152 - database - INFO - Database tables created successfully
2025-06-24 15:54:37,152 - main - INFO - Database tables created successfully
2025-06-24 15:55:02,459 - nlp_service - INFO - NLP service initialized successfully
2025-06-24 15:55:03,044 - main - INFO - Creating database tables...
2025-06-24 15:55:04,482 - database - INFO - Dropped existing database tables
2025-06-24 15:55:05,167 - nlp_service - INFO - NLP service initialized successfully
2025-06-24 15:55:05,870 - main - INFO - Creating database tables...
2025-06-24 15:55:06,316 - database - INFO - Database tables created successfully
2025-06-24 15:55:06,316 - main - INFO - Database tables created successfully
2025-06-24 15:55:08,119 - database - INFO - Dropped existing database tables
2025-06-24 15:55:09,583 - database - INFO - Database tables created successfully
2025-06-24 15:55:09,583 - main - INFO - Database tables created successfully
2025-06-24 15:56:03,707 - nlp_service - INFO - NLP service initialized successfully
2025-06-24 15:56:04,597 - main - INFO - Creating database tables...
2025-06-24 15:56:04,821 - nlp_service - INFO - NLP service initialized successfully
2025-06-24 15:56:06,007 - main - INFO - Creating database tables...
2025-06-24 15:56:06,767 - database - INFO - Dropped existing database tables
2025-06-24 15:56:08,823 - database - INFO - Database tables created successfully
2025-06-24 15:56:08,823 - main - INFO - Database tables created successfully
2025-06-24 15:56:10,723 - database - INFO - Dropped existing database tables
2025-06-24 15:56:12,690 - database - INFO - Database tables created successfully
2025-06-24 15:56:12,690 - main - INFO - Database tables created successfully
2025-06-24 15:58:14,043 - nlp_service - INFO - NLP service initialized successfully
2025-06-24 15:58:15,055 - main - INFO - Creating database tables...
2025-06-24 15:58:15,629 - nlp_service - INFO - NLP service initialized successfully
2025-06-24 15:58:16,597 - main - INFO - Creating database tables...
2025-06-24 15:58:17,505 - database - INFO - Dropped existing database tables
2025-06-24 15:58:19,760 - database - INFO - Database tables created successfully
2025-06-24 15:58:19,761 - main - INFO - Database tables created successfully
2025-06-24 15:58:24,005 - database - INFO - Dropped existing database tables
2025-06-24 15:58:25,794 - database - INFO - Database tables created successfully
2025-06-24 15:58:25,794 - main - INFO - Database tables created successfully
2025-06-24 16:30:50,626 - nlp_service - INFO - NLP service initialized successfully
2025-06-24 16:30:50,627 - nlp_service - INFO - NLP service initialized successfully
2025-06-24 16:30:51,874 - main - INFO - Creating database tables...
2025-06-24 16:30:51,892 - main - INFO - Creating database tables...
2025-06-24 16:30:53,559 - database - INFO - Dropped existing database tables
2025-06-24 16:30:53,678 - database - ERROR - Error creating database tables: (sqlite3.OperationalError) no such table: subreddit_targets
[SQL: 
DROP TABLE subreddit_targets]
(Background on this error at: https://sqlalche.me/e/20/e3q8)
2025-06-24 16:30:55,170 - database - INFO - Database tables created successfully
2025-06-24 16:30:55,170 - main - INFO - Database tables created successfully
2025-06-24 16:30:58,814 - nlp_service - INFO - NLP service initialized successfully
2025-06-24 16:30:59,672 - main - INFO - Creating database tables...
2025-06-24 16:31:00,550 - nlp_service - INFO - NLP service initialized successfully
2025-06-24 16:31:01,102 - main - INFO - Creating database tables...
2025-06-24 16:31:03,055 - database - INFO - Dropped existing database tables
2025-06-24 16:31:04,641 - database - INFO - Database tables created successfully
2025-06-24 16:31:04,641 - main - INFO - Database tables created successfully
2025-06-24 16:31:06,822 - database - INFO - Dropped existing database tables
2025-06-24 16:31:08,297 - database - INFO - Database tables created successfully
2025-06-24 16:31:08,297 - main - INFO - Database tables created successfully
2025-06-24 16:31:08,411 - nlp_service - INFO - NLP service initialized successfully
2025-06-24 16:31:09,275 - main - INFO - Creating database tables...
2025-06-24 16:31:10,861 - database - INFO - Dropped existing database tables
2025-06-24 16:31:12,542 - nlp_service - INFO - NLP service initialized successfully
2025-06-24 16:31:12,761 - database - INFO - Database tables created successfully
2025-06-24 16:31:12,761 - main - INFO - Database tables created successfully
2025-06-24 16:31:13,085 - main - INFO - Creating database tables...
2025-06-24 16:31:14,490 - database - INFO - Dropped existing database tables
2025-06-24 16:31:15,884 - database - INFO - Database tables created successfully
2025-06-24 16:31:15,885 - main - INFO - Database tables created successfully
2025-06-24 16:31:31,021 - nlp_service - INFO - NLP service initialized successfully
2025-06-24 16:31:31,040 - nlp_service - INFO - NLP service initialized successfully
2025-06-24 16:31:31,907 - main - INFO - Creating database tables...
2025-06-24 16:31:31,936 - main - INFO - Creating database tables...
2025-06-24 16:31:33,253 - database - INFO - Dropped existing database tables
2025-06-24 16:31:34,767 - database - INFO - Database tables created successfully
2025-06-24 16:31:34,767 - main - INFO - Database tables created successfully
2025-06-24 16:31:36,520 - database - INFO - Dropped existing database tables
2025-06-24 16:31:37,912 - database - INFO - Database tables created successfully
2025-06-24 16:31:37,912 - main - INFO - Database tables created successfully
2025-06-24 16:32:29,833 - nlp_service - INFO - NLP service initialized successfully
2025-06-24 16:32:30,448 - main - INFO - Creating database tables...
2025-06-24 16:32:30,874 - nlp_service - INFO - NLP service initialized successfully
2025-06-24 16:32:31,469 - main - INFO - Creating database tables...
2025-06-24 16:32:31,956 - database - INFO - Dropped existing database tables
2025-06-24 16:32:33,306 - database - INFO - Database tables created successfully
2025-06-24 16:32:33,306 - main - INFO - Database tables created successfully
2025-06-24 16:32:34,690 - database - INFO - Dropped existing database tables
2025-06-24 16:32:36,473 - database - INFO - Database tables created successfully
2025-06-24 16:32:36,474 - main - INFO - Database tables created successfully
2025-06-24 16:35:50,882 - nlp_service - INFO - NLP service initialized successfully
2025-06-24 16:35:51,242 - main - INFO - Creating database tables...
2025-06-24 16:35:52,868 - database - INFO - Dropped existing database tables
2025-06-24 16:35:54,223 - database - INFO - Database tables created successfully
2025-06-24 16:35:54,223 - main - INFO - Database tables created successfully
2025-06-24 16:36:41,899 - routers.discord_promotion - INFO - Created Discord promotion campaign: Test Discord Server (ID: 1)
2025-06-24 16:36:41,916 - routers.discord_promotion - INFO - Quick setup campaign created: Test Discord Server using norwegian_nsfw template
2025-06-24 16:36:42,266 - routers.discord_promotion - ERROR - Error starting campaign monitoring: No module named 'celery_config'
2025-06-24 16:38:55,700 - routers.discord_promotion - INFO - Created Discord promotion campaign: Test Campaign (ID: 2)
2025-06-24 16:38:55,700 - routers.discord_promotion - INFO - Quick setup campaign created: Test Campaign using norwegian_nsfw template
2025-06-24 16:40:43,997 - routers.accounts - INFO - Processing OAuth callback with code: wCpybjZYr1... and state: 5682ae6f-a5de-4c7e-a833-93d3929469ae
2025-06-24 16:40:45,319 - routers.accounts - INFO - Token exchange successful for user: Fit-Raisin7678
2025-06-24 16:40:51,082 - praw - WARNING - It appears that you are using PRAW in an asynchronous environment.
It is strongly recommended to use Async PRAW: https://asyncpraw.readthedocs.io.
See https://praw.readthedocs.io/en/latest/getting_started/multiple_instances.html#discord-bots-and-asynchronous-environments for more info.

2025-06-24 16:43:21,679 - routers.discord_promotion - INFO - Created Discord promotion campaign: Test Campaign (ID: 3)
2025-06-24 16:43:21,679 - routers.discord_promotion - INFO - Quick setup campaign created: Test Campaign using norwegian_nsfw template
2025-06-24 16:44:59,514 - praw - WARNING - It appears that you are using PRAW in an asynchronous environment.
It is strongly recommended to use Async PRAW: https://asyncpraw.readthedocs.io.
See https://praw.readthedocs.io/en/latest/getting_started/multiple_instances.html#discord-bots-and-asynchronous-environments for more info.

2025-06-24 16:48:16,889 - routers.discord_promotion - INFO - Created Discord promotion campaign: Test Campaign (ID: 4)
2025-06-24 16:48:16,889 - routers.discord_promotion - INFO - Quick setup campaign created: Test Campaign using norwegian_nsfw template
2025-06-24 16:49:12,445 - nlp_service - INFO - NLP service initialized successfully
2025-06-24 16:49:13,498 - main - INFO - Creating database tables...
2025-06-24 16:49:15,873 - database - INFO - Dropped existing database tables
2025-06-24 16:49:17,973 - database - INFO - Database tables created successfully
2025-06-24 16:49:17,973 - main - INFO - Database tables created successfully
2025-06-24 16:49:36,633 - nlp_service - INFO - NLP service initialized successfully
2025-06-24 16:49:37,193 - main - INFO - Creating database tables...
2025-06-24 16:49:38,598 - database - INFO - Dropped existing database tables
2025-06-24 16:49:39,999 - database - INFO - Database tables created successfully
2025-06-24 16:49:39,999 - main - INFO - Database tables created successfully
2025-06-24 16:49:50,037 - nlp_service - INFO - NLP service initialized successfully
2025-06-24 16:49:50,557 - main - INFO - Creating database tables...
2025-06-24 16:49:52,106 - database - INFO - Dropped existing database tables
2025-06-24 16:49:53,422 - database - INFO - Database tables created successfully
2025-06-24 16:49:53,422 - main - INFO - Database tables created successfully
2025-06-24 16:50:06,306 - nlp_service - INFO - NLP service initialized successfully
2025-06-24 16:50:06,800 - main - INFO - Creating database tables...
2025-06-24 16:50:08,424 - database - INFO - Dropped existing database tables
2025-06-24 16:50:09,849 - database - INFO - Database tables created successfully
2025-06-24 16:50:09,849 - main - INFO - Database tables created successfully
2025-06-24 16:50:44,043 - nlp_service - INFO - NLP service initialized successfully
2025-06-24 16:50:44,467 - main - INFO - Creating database tables...
2025-06-24 16:50:45,980 - database - INFO - Dropped existing database tables
2025-06-24 16:50:47,873 - database - INFO - Database tables created successfully
2025-06-24 16:50:47,874 - main - INFO - Database tables created successfully
2025-06-24 16:50:52,132 - nlp_service - INFO - NLP service initialized successfully
2025-06-24 16:50:52,605 - main - INFO - Creating database tables...
2025-06-24 16:50:54,029 - database - INFO - Dropped existing database tables
2025-06-24 16:50:55,622 - database - INFO - Database tables created successfully
2025-06-24 16:50:55,622 - main - INFO - Database tables created successfully
2025-06-24 16:50:59,836 - nlp_service - INFO - NLP service initialized successfully
2025-06-24 16:51:00,362 - main - INFO - Creating database tables...
2025-06-24 16:51:01,787 - database - INFO - Dropped existing database tables
2025-06-24 16:51:03,264 - database - INFO - Database tables created successfully
2025-06-24 16:51:03,264 - main - INFO - Database tables created successfully
2025-06-24 16:51:25,229 - nlp_service - INFO - NLP service initialized successfully
2025-06-24 16:51:25,864 - main - INFO - Creating database tables...
2025-06-24 16:51:27,378 - database - INFO - Dropped existing database tables
2025-06-24 16:51:28,970 - database - INFO - Database tables created successfully
2025-06-24 16:51:28,970 - main - INFO - Database tables created successfully
2025-06-24 16:51:37,909 - nlp_service - INFO - NLP service initialized successfully
2025-06-24 16:51:38,508 - main - INFO - Creating database tables...
2025-06-24 16:51:40,115 - database - INFO - Dropped existing database tables
2025-06-24 16:51:42,683 - database - INFO - Database tables created successfully
2025-06-24 16:51:42,683 - main - INFO - Database tables created successfully
2025-06-24 16:51:51,603 - nlp_service - INFO - NLP service initialized successfully
2025-06-24 16:51:52,159 - main - INFO - Creating database tables...
2025-06-24 16:51:53,726 - database - INFO - Dropped existing database tables
2025-06-24 16:51:55,204 - database - INFO - Database tables created successfully
2025-06-24 16:51:55,204 - main - INFO - Database tables created successfully
2025-06-24 16:52:08,965 - nlp_service - INFO - NLP service initialized successfully
2025-06-24 16:52:09,546 - main - INFO - Creating database tables...
2025-06-24 16:52:10,950 - database - INFO - Dropped existing database tables
2025-06-24 16:52:12,651 - database - INFO - Database tables created successfully
2025-06-24 16:52:12,651 - main - INFO - Database tables created successfully
2025-06-24 16:52:29,599 - nlp_service - INFO - NLP service initialized successfully
2025-06-24 16:52:30,380 - main - INFO - Creating database tables...
2025-06-24 16:52:31,764 - database - INFO - Dropped existing database tables
2025-06-24 16:52:33,175 - database - INFO - Database tables created successfully
2025-06-24 16:52:33,176 - main - INFO - Database tables created successfully
2025-06-24 16:52:52,210 - nlp_service - INFO - NLP service initialized successfully
2025-06-24 16:52:52,795 - main - INFO - Creating database tables...
2025-06-24 16:52:54,284 - database - INFO - Dropped existing database tables
2025-06-24 16:52:55,667 - database - INFO - Database tables created successfully
2025-06-24 16:52:55,668 - main - INFO - Database tables created successfully
2025-06-24 16:53:11,081 - nlp_service - INFO - NLP service initialized successfully
2025-06-24 16:53:11,758 - main - INFO - Creating database tables...
2025-06-24 16:53:13,403 - database - INFO - Dropped existing database tables
2025-06-24 16:53:14,980 - database - INFO - Database tables created successfully
2025-06-24 16:53:14,981 - main - INFO - Database tables created successfully
2025-06-24 16:54:58,479 - nlp_service - INFO - NLP service initialized successfully
2025-06-24 16:54:58,825 - main - INFO - Creating database tables...
2025-06-24 16:55:00,361 - database - INFO - Dropped existing database tables
2025-06-24 16:55:02,105 - database - INFO - Database tables created successfully
2025-06-24 16:55:02,105 - main - INFO - Database tables created successfully
2025-06-24 16:56:40,864 - routers.accounts - INFO - Processing OAuth callback with code: XxyUT4NQ6o... and state: 12619a3f-7c50-42da-9a60-a140428b007a
2025-06-24 16:56:42,041 - routers.accounts - INFO - Token exchange successful for user: Fit-Raisin7678
2025-06-24 16:57:02,303 - praw - WARNING - It appears that you are using PRAW in an asynchronous environment.
It is strongly recommended to use Async PRAW: https://asyncpraw.readthedocs.io.
See https://praw.readthedocs.io/en/latest/getting_started/multiple_instances.html#discord-bots-and-asynchronous-environments for more info.

2025-06-24 16:57:22,354 - routers.discord_promotion - INFO - Created Discord promotion campaign: Test Campaign (ID: 1)
2025-06-24 16:57:22,354 - routers.discord_promotion - INFO - Quick setup campaign created: Test Campaign using norwegian_nsfw template
2025-06-24 16:57:37,262 - praw - WARNING - It appears that you are using PRAW in an asynchronous environment.
It is strongly recommended to use Async PRAW: https://asyncpraw.readthedocs.io.
See https://praw.readthedocs.io/en/latest/getting_started/multiple_instances.html#discord-bots-and-asynchronous-environments for more info.

2025-06-24 16:57:54,486 - praw - WARNING - It appears that you are using PRAW in an asynchronous environment.
It is strongly recommended to use Async PRAW: https://asyncpraw.readthedocs.io.
See https://praw.readthedocs.io/en/latest/getting_started/multiple_instances.html#discord-bots-and-asynchronous-environments for more info.

2025-06-24 16:57:55,011 - routers.discord_promotion - INFO - Successfully posted Discord promotion to r/norwaygonewildddddddd: 1ljbtb4
2025-06-24 17:29:26,973 - nlp_service - INFO - NLP service initialized successfully
2025-06-24 17:29:48,752 - nlp_service - INFO - NLP service initialized successfully
2025-06-24 17:35:36,864 - nlp_service - INFO - NLP service initialized successfully
2025-06-24 17:35:49,217 - nlp_service - INFO - NLP service initialized successfully
2025-06-24 17:36:02,058 - nlp_service - INFO - NLP service initialized successfully
2025-06-24 17:36:17,394 - nlp_service - INFO - NLP service initialized successfully
2025-06-24 17:36:33,581 - nlp_service - INFO - NLP service initialized successfully
2025-06-24 17:37:45,834 - nlp_service - INFO - NLP service initialized successfully
2025-06-24 17:37:46,466 - main - INFO - Creating database tables...
2025-06-24 17:37:48,161 - database - INFO - Dropped existing database tables
2025-06-24 17:37:49,725 - database - INFO - Database tables created successfully
2025-06-24 17:37:49,726 - main - INFO - Database tables created successfully
2025-06-24 17:38:16,141 - nlp_service - INFO - NLP service initialized successfully
2025-06-24 17:38:43,484 - nlp_service - INFO - NLP service initialized successfully
2025-06-24 17:38:44,037 - main - INFO - Creating database tables...
2025-06-24 17:38:45,608 - database - INFO - Dropped existing database tables
2025-06-24 17:38:47,279 - database - INFO - Database tables created successfully
2025-06-24 17:38:47,280 - main - INFO - Database tables created successfully
2025-06-24 17:39:47,037 - anti_detection.url_manager - ERROR - Failed to shorten URL https://tinyurl.com/2cprd9be: There was an error on trying to short the url: b'Blacklisted long URL.\n'
2025-06-24 17:42:45,279 - routers.discord_promotion - INFO - Created Discord promotion campaign: Nork NSFW Gruppe - Deilig innhold deles daglig -Grovt & digg. (ID: 1)
2025-06-24 17:42:45,283 - routers.discord_promotion - INFO - Quick setup campaign created: Nork NSFW Gruppe - Deilig innhold deles daglig -Grovt & digg. using norwegian_nsfw template
2025-06-24 17:43:13,765 - routers.accounts - INFO - Processing OAuth callback with code: 31HgzeXoNq... and state: 395d2f73-7245-4be7-a59c-e785c10e00d4
2025-06-24 17:43:15,211 - routers.accounts - INFO - Token exchange successful for user: Fit-Raisin7678
2025-06-24 17:43:41,715 - routers.accounts - INFO - Processing OAuth callback with code: YtZtTS1MrU... and state: 395d2f73-7245-4be7-a59c-e785c10e00d4
2025-06-24 17:43:43,189 - routers.accounts - INFO - Token exchange successful for user: Fit-Raisin7678
2025-06-24 17:43:48,229 - routers.accounts - ERROR - Error in OAuth callback: (sqlite3.OperationalError) database is locked
[SQL: INSERT INTO reddit_accounts (user_id, reddit_username, refresh_token, created_at) VALUES (?, ?, ?, ?)]
[parameters: (1, 'Fit-Raisin7678', '159363419787498-KhZ6fN6V4ojpmkaqlTc0GubnaBiPOQ', '2025-06-24 14:43:43.195131')]
(Background on this error at: https://sqlalche.me/e/20/e3q8)
2025-06-24 17:43:51,564 - praw - WARNING - It appears that you are using PRAW in an asynchronous environment.
It is strongly recommended to use Async PRAW: https://asyncpraw.readthedocs.io.
See https://praw.readthedocs.io/en/latest/getting_started/multiple_instances.html#discord-bots-and-asynchronous-environments for more info.

2025-06-24 17:44:12,901 - praw - WARNING - It appears that you are using PRAW in an asynchronous environment.
It is strongly recommended to use Async PRAW: https://asyncpraw.readthedocs.io.
See https://praw.readthedocs.io/en/latest/getting_started/multiple_instances.html#discord-bots-and-asynchronous-environments for more info.

2025-06-24 17:44:14,261 - reddit_service - ERROR - Error submitting post to r/norwaygonewildddddddd: DOMAIN_BANNED: "Reddit doesn't allow links from tinyurl.com: link shorteners are smelly" on field 'url'
2025-06-24 17:44:14,433 - routers.discord_promotion - ERROR - Failed to post Discord promotion: DOMAIN_BANNED: "Reddit doesn't allow links from tinyurl.com: link shorteners are smelly" on field 'url'
2025-06-24 17:45:00,304 - routers.discord_promotion - INFO - Stopped automated schedule for campaign 1
2025-06-24 17:45:41,332 - routers.discord_promotion - INFO - Created Discord promotion campaign: Nork NSFW Gruppe - Deilig innhold deles daglig -Grovt & digg. (ID: 2)
2025-06-24 17:45:41,332 - routers.discord_promotion - INFO - Quick setup campaign created: Nork NSFW Gruppe - Deilig innhold deles daglig -Grovt & digg. using norwegian_nsfw template
2025-06-24 17:45:48,521 - praw - WARNING - It appears that you are using PRAW in an asynchronous environment.
It is strongly recommended to use Async PRAW: https://asyncpraw.readthedocs.io.
See https://praw.readthedocs.io/en/latest/getting_started/multiple_instances.html#discord-bots-and-asynchronous-environments for more info.

2025-06-24 17:45:50,046 - reddit_service - ERROR - Error submitting post to r/norwaygonewildddddddd: DOMAIN_BANNED: "Reddit doesn't allow links from tinyurl.com: link shorteners are smelly" on field 'url'
2025-06-24 17:45:50,177 - routers.discord_promotion - ERROR - Failed to post Discord promotion: DOMAIN_BANNED: "Reddit doesn't allow links from tinyurl.com: link shorteners are smelly" on field 'url'
